TagLib: ID3v2.4 no longer supports the frame type RVAD.  It will be discarded from the tag.
TagLib: Could not open file /media/SGBUP1T/Music/Artists/Cult48/Catalog 1/14 Cult48 - Anxiolytic.mp3
TagLib: Could not open file /media/SGBUP1T/Music/Artists/Cult48/Catalog 1/14 Cult48 - Anxiolytic.mp3
TagLib: Could not open file /media/SGBUP1T/Music/Artists/Cult48/Catalog 1/14 Cult48 - Anxiolytic.mp3
TagLib: Could not open file /media/SGBUP1T/Music/Artists/Cult48/Catalog 1/14 Cult48 - Anxiolytic.mp3
TagLib: Could not open file /media/SGBUP1T/Music/Artists/.complete/Brian Eno/Small Craft On A Milk Sea/Brian Eno, Jon Hopkins, Leo Abrahams - 2 Forms of Anger.mp3
TagLib: Could not open file  /media/ST8000VN004/Music/Artists/Hexsystem/Black Cake 2/Hexsystem - Bay Road.flac
TagLib: Could not open file  /media/ST8000VN004/Music/Artists/Hexsystem/Black Cake 2/Hexsystem - Bay Road.flac
TagLib: Could not open file  /media/ST8000VN004/Music/Artists/Hexsystem/Black Cake 2/Hexsystem - Bay Road.flac
TagLib: Could not open file  /media/ST8000VN004/Music/Artists/Hexsystem/Black Cake 2/Hexsystem - Bay Road.flac
TagLib: Could not open file  /media/ST8000VN004/Music/Artists/Hexsystem/Black Cake 2/Hexsystem - Bay Road.flac
TagLib: Could not open file  /media/ST8000VN004/Music/Artists/Hexsystem/Black Cake 2/Hexsystem - Bay Road.flac
TagLib: Could not open file  /media/ST8000VN004/Music/Artists/Hexsystem/Black Cake 2/Hexsystem - Bay Road.flac
TagLib: Could not open file  /media/ST8000VN004/Music/Artists/Hexsystem/Black Cake 2/Hexsystem - Bay Road.flac
TagLib: Could not open file  /media/ST8000VN004/Music/Artists/Hexsystem/Black Cake 2/Hexsystem - Bay Road.flac
TagLib: Could not open file  /media/ST8000VN004/Music/Artists/Hexsystem/Black Cake 2/Hexsystem - Bay Road.flac
TagLib: Could not open file  /media/ST8000VN004/Music/Artists/Hexsystem/Black Cake 2/Hexsystem - Bay Road.flac
TagLib: Could not open file  /media/ST8000VN004/Music/Artists/Hexsystem/Black Cake 2/Hexsystem - Bay Road.flac
TagLib: Could not open file  /media/ST8000VN004/Music/Artists/Hexsystem/Black Cake 2/Hexsystem - Bay Road.flac
TagLib: Could not open file  /media/ST8000VN004/Music/Artists/Hexsystem/Black Cake 2/Hexsystem - Bay Road.flac
TagLib: Could not open file  /media/ST8000VN004/Music/Artists/Hexsystem/Black Cake 2/Hexsystem - Bay Road.flac
TagLib: Could not open file  /media/ST8000VN004/Music/Artists/Hexsystem/Black Cake 2/Hexsystem - Bay Road.flac
TagLib: Could not open file  /media/ST8000VN004/Music/Artists/Hexsystem/Black Cake 2/Hexsystem - Bay Road.flac
TagLib: Could not open file  /media/ST8000VN004/Music/Artists/Hexsystem/Black Cake 2/Hexsystem - Bay Road.flac
TagLib: Could not open file  /media/ST8000VN004/Music/Artists/Hexsystem/Black Cake 2/Hexsystem - Bay Road.flac
TagLib: Could not open file  /media/ST8000VN004/Music/Artists/Hexsystem/Black Cake 2/Hexsystem - Bay Road.flac
TagLib: Could not open file  /media/ST8000VN004/Music/Artists/Hexsystem/Black Cake 2/Hexsystem - Bay Road.flac
TagLib: Could not open file  /media/ST8000VN004/Music/Artists/Hexsystem/Black Cake 2/Hexsystem - Bay Road.flac
TagLib: Could not open file  /media/ST8000VN004/Music/Artists/Hexsystem/Black Cake 2/Hexsystem - Bay Road.flac
TagLib: Could not open file  /media/ST8000VN004/Music/Artists/Hexsystem/Black Cake 2/Hexsystem - Bay Road.flac
TagLib: Could not open file  /media/ST8000VN004/Music/Artists/Hexsystem/Black Cake 2/Hexsystem - Bay Road.flac
TagLib: Could not open file  /media/ST8000VN004/Music/Artists/Hexsystem/Black Cake 2/Hexsystem - Bay Road.flac
TagLib: Could not open file  /media/ST8000VN004/Music/Artists/Hexsystem/Black Cake 2/Hexsystem - Bay Road.flac
TagLib: Could not open file  /media/ST8000VN004/Music/Artists/Hexsystem/Black Cake 2/Hexsystem - Bay Road.flac
TagLib: Could not open file  /media/ST8000VN004/Music/Artists/Hexsystem/Black Cake 2/Hexsystem - Bay Road.flac
TagLib: Could not open file  /media/ST8000VN004/Music/Artists/Hexsystem/Black Cake 2/Hexsystem - Bay Road.flac
TagLib: Could not open file  /media/ST8000VN004/Music/Artists/Hexsystem/Black Cake 2/Hexsystem - Bay Road.flac
TagLib: Could not open file  /media/ST8000VN004/Music/Artists/Hexsystem/Black Cake 2/Hexsystem - Bay Road.flac
TagLib: Could not open file  /media/ST8000VN004/Music/Artists/Hexsystem/Black Cake 2/Hexsystem - Bay Road.flac
TagLib: Could not open file  /media/ST8000VN004/Music/Artists/Hexsystem/Black Cake 2/Hexsystem - Bay Road.flac
TagLib: Could not open file  /media/ST8000VN004/Music/Artists/Hexsystem/Black Cake 2/Hexsystem - Bay Road.flac
TagLib: Could not open file  /media/ST8000VN004/Music/Artists/Hexsystem/Black Cake 2/Hexsystem - Bay Road.flac
TagLib: Could not open file  /media/ST8000VN004/Music/Artists/Hexsystem/Black Cake 2/Hexsystem - Bay Road.flac
TagLib: Could not open file  /media/ST8000VN004/Music/Artists/Hexsystem/Black Cake 2/Hexsystem - Bay Road.flac
TagLib: Could not open file  /media/ST8000VN004/Music/Artists/Hexsystem/Black Cake 2/Hexsystem - Bay Road.flac
TagLib: Could not open file  /media/ST8000VN004/Music/Artists/Hexsystem/Black Cake 2/Hexsystem - Bay Road.flac
TagLib: Could not open file  /media/ST8000VN004/Music/Artists/Hexsystem/Black Cake 2/Hexsystem - Bay Road.flac
TagLib: Could not open file  /media/ST8000VN004/Music/Artists/Hexsystem/Black Cake 2/Hexsystem - Bay Road.flac
TagLib: Could not open file  /media/ST8000VN004/Music/Artists/Hexsystem/Black Cake 2/Hexsystem - Bay Road.flac
TagLib: Could not open file  /media/ST8000VN004/Music/Artists/Hexsystem/Black Cake 2/Hexsystem - Bay Road.flac
TagLib: Could not open file  /media/ST8000VN004/Music/Artists/Hexsystem/Black Cake 2/Hexsystem - Bay Road.flac
TagLib: Could not open file  /media/ST8000VN004/Music/Artists/Hexsystem/Black Cake 2/Hexsystem - Bay Road.flac
TagLib: Could not open file  /media/ST8000VN004/Music/Artists/Hexsystem/Black Cake 2/Hexsystem - Bay Road.flac
TagLib: Could not open file  /media/ST8000VN004/Music/Artists/Hexsystem/Black Cake 2/Hexsystem - Bay Road.flac
TagLib: Could not open file  /media/ST8000VN004/Music/Artists/Hexsystem/Black Cake 2/Hexsystem - Bay Road.flac
TagLib: Could not open file  /media/ST8000VN004/Music/Artists/Hexsystem/Black Cake 2/Hexsystem - Bay Road.flac
TagLib: Could not open file  /media/ST8000VN004/Music/Artists/Hexsystem/Black Cake 2/Hexsystem - Bay Road.flac
TagLib: Could not open file  /media/ST8000VN004/Music/Artists/Hexsystem/Black Cake 2/Hexsystem - Bay Road.flac
TagLib: Could not open file  /media/ST8000VN004/Music/Artists/Hexsystem/Black Cake 2/Hexsystem - Bay Road.flac
TagLib: Could not open file  /media/ST8000VN004/Music/Artists/Hexsystem/Black Cake 2/Hexsystem - Bay Road.flac
TagLib: Could not open file  /media/ST8000VN004/Music/Artists/Hexsystem/Black Cake 2/Hexsystem - Bay Road.flac
TagLib: Could not open file  /media/ST8000VN004/Music/Artists/Hexsystem/Black Cake 2/Hexsystem - Bay Road.flac
TagLib: Could not open file  /media/ST8000VN004/Music/Artists/Hexsystem/Black Cake 2/Hexsystem - Bay Road.flac
TagLib: Could not open file  /media/ST8000VN004/Music/Artists/Hexsystem/Black Cake 2/Hexsystem - Bay Road.flac
TagLib: Could not open file  /media/ST8000VN004/Music/Artists/Hexsystem/Black Cake 2/Hexsystem - Bay Road.flac
TagLib: Could not open file  /media/ST8000VN004/Music/Artists/Hexsystem/Black Cake 2/Hexsystem - Bay Road.flac
TagLib: Could not open file  /media/ST8000VN004/Music/Artists/Hexsystem/Black Cake 2/Hexsystem - Bay Road.flac
TagLib: Could not open file  /media/ST8000VN004/Music/Artists/Hexsystem/Black Cake 2/Hexsystem - Bay Road.flac
TagLib: Could not open file  /media/ST8000VN004/Music/Artists/Hexsystem/Black Cake 2/Hexsystem - Bay Road.flac
TagLib: Could not open file  /media/ST8000VN004/Music/Artists/Hexsystem/Black Cake 2/Hexsystem - Bay Road.flac
TagLib: Could not open file  /media/ST8000VN004/Music/Artists/Hexsystem/Black Cake 2/Hexsystem - Bay Road.flac
TagLib: Could not open file  /media/ST8000VN004/Music/Artists/Hexsystem/Black Cake 2/Hexsystem - Bay Road.flac
TagLib: Could not open file  /media/ST8000VN004/Music/Artists/Hexsystem/Black Cake 2/Hexsystem - Bay Road.flac
TagLib: Could not open file  /media/ST8000VN004/Music/Artists/Hexsystem/Black Cake 2/Hexsystem - Bay Road.flac
TagLib: Could not open file  /media/ST8000VN004/Music/Artists/Hexsystem/Black Cake 2/Hexsystem - Bay Road.flac
TagLib: Could not open file  /media/ST8000VN004/Music/Artists/Hexsystem/Black Cake 2/Hexsystem - Bay Road.flac
TagLib: Could not open file  /media/ST8000VN004/Music/Artists/Hexsystem/Black Cake 2/Hexsystem - Bay Road.flac
TagLib: Could not open file  /media/ST8000VN004/Music/Artists/Hexsystem/Black Cake 2/Hexsystem - Bay Road.flac
TagLib: Could not open file  /media/ST8000VN004/Music/Planning for Burial/Below the House/Planning for Burial - (Something).flac
TagLib: Could not open file  /media/ST8000VN004/Music/Planning for Burial/Quietly/08 - fucking-to-floodland.mp3
TagLib: Could not open file  /media/ST8000VN004/Music/b e g o t t e n 自杀/b e g o t t e n 自杀 - (forgive and forget) - 原谅和忘记/b e g o t t e n 自杀 - (forgive and forget) - 原谅和忘记 - 01 (unprepared) - 措手不及.flac
TagLib: Could not open file  /media/ST8000VN004/Music/아버지/reflection/아버지 - reflection - 06 voices.flac
TagLib: Could not open file  /media/ST8000VN004/Music/暗い自然/Bleed/Combined/暗い自然 - 11-20 3.flac
TagLib: Could not open file  /media/ST8000VN004/Music/Primary/Sangam/mp3/the-turn/01 - the-turn.mp3
TagLib: Could not open file  /media/ST8000VN004/Music/Primary/Sangam/mp3/the-turn/01 - the-turn.mp3
TagLib: Could not open file  /media/ST8000VN004/Music/Primary/Sangam/mp3/the-turn/01 - the-turn.mp3
TagLib: Could not open file  /media/ST8000VN004/Music/Primary/Sangam/mp3/the-turn/01 - the-turn.mp3
TagLib: Could not open file  /media/ST8000VN004/Music/Primary/Sangam/mp3/the-turn/01 - the-turn.mp3
TagLib: Could not open file  /media/ST8000VN004/Music/Primary/Sangam/mp3/the-turn/01 - the-turn.mp3
TagLib: Could not open file  /media/ST8000VN004/Music/Primary/Sangam/mp3/the-turn/01 - the-turn.mp3
TagLib: Could not open file  /media/ST8000VN004/Music/Primary/Sangam/mp3/the-turn/01 - the-turn.mp3
TagLib: Could not open file  /media/ST8000VN004/Music/Primary/Sangam/mp3/the-turn/01 - the-turn.mp3
TagLib: Could not open file  /media/ST8000VN004/Music/Primary/Sangam/mp3/the-turn/01 - the-turn.mp3
TagLib: Could not open file  /media/ST8000VN004/Music/Primary/Sangam/mp3/the-turn/01 - the-turn.mp3
TagLib: Could not open file  /media/ST8000VN004/Music/Primary/Sangam/mp3/the-turn/01 - the-turn.mp3
TagLib: Could not open file  /media/ST8000VN004/Music/Primary/Boards of Canada/Boards of Canada/Demos & Rarities/Various Tracks & Remixes/Unknown Live Track 2.mp3
TagLib: Could not open file  /media/ST8000VN004/Music/Primary/Com Truise/Cyanide Sisters EP/Com Truise - 5891.flac
TagLib: Could not open file  /media/ST8000VN004/Music/Primary/Com Truise/Cyanide Sisters EP/Com Truise - 5891.flac
TagLib: Could not open file  /media/ST8000VN004/Music/Primary/Com Truise/Cyanide Sisters EP/Com Truise - 5891.flac
TagLib: Could not open file  /media/ST8000VN004/Music/Primary/Com Truise/Cyanide Sisters EP/Com Truise - 5891.flac
TagLib: Could not open file  /media/ST8000VN004/Music/Primary/Com Truise/Cyanide Sisters EP/Com Truise - 5891.flac
TagLib: Could not open file  /media/ST8000VN004/Music/Primary/Com Truise/Cyanide Sisters EP/Com Truise - 5891.flac
TagLib: Could not open file  /media/ST8000VN004/Music/Primary/Com Truise/Cyanide Sisters EP/Com Truise - 5891.flac
TagLib: Could not open file  /media/ST8000VN004/Music/Primary/Com Truise/Cyanide Sisters EP/Com Truise - 5891.flac
TagLib: Could not open file  /media/ST8000VN004/Music/Primary/Com Truise/Cyanide Sisters EP/Com Truise - 5891.flac
TagLib: Could not open file  /media/ST8000VN004/Music/Primary/Com Truise/Cyanide Sisters EP/Com Truise - 5891.flac
TagLib: Could not open file  /media/ST8000VN004/Music/Primary/Com Truise/Cyanide Sisters EP/Com Truise - 5891.flac
TagLib: Could not open file  /media/ST8000VN004/Music/Primary/Com Truise/Cyanide Sisters EP/Com Truise - 5891.flac
TagLib: Could not open file  /media/ST8000VN004/Music/Primary/Com Truise/Cyanide Sisters EP/Com Truise - 5891.flac
TagLib: Could not open file  /media/ST8000VN004/Music/Primary/Com Truise/Cyanide Sisters EP/Com Truise - 5891.flac
TagLib: Could not open file  /media/ST8000VN004/Music/Primary/Com Truise/Cyanide Sisters EP/Com Truise - 5891.flac
TagLib: Could not open file  /media/ST8000VN004/Music/Primary/Com Truise/Cyanide Sisters EP/Com Truise - 5891.flac
TagLib: Could not open file  /media/ST8000VN004/Music/Primary/DAN TERMINUS/Last Call For All Passengers/DAN TERMINUS - Last Call For All Passengers - 01 Oubliette.flac
TagLib: Could not open file  /media/ST8000VN004/Music/Primary/DAN TERMINUS/Last Call For All Passengers/DAN TERMINUS - Last Call For All Passengers - 01 Oubliette.flac
TagLib: Could not open file  /media/ST8000VN004/Music/Primary/DAN TERMINUS/Last Call For All Passengers/DAN TERMINUS - Last Call For All Passengers - 01 Oubliette.flac
TagLib: Could not open file  /media/ST8000VN004/Music/Primary/DAN TERMINUS/Last Call For All Passengers/DAN TERMINUS - Last Call For All Passengers - 01 Oubliette.flac
TagLib: Could not open file  /media/ST8000VN004/Music/Primary/DAN TERMINUS/Last Call For All Passengers/DAN TERMINUS - Last Call For All Passengers - 01 Oubliette.flac
TagLib: Could not open file  /media/ST8000VN004/Music/Primary/DAN TERMINUS/Last Call For All Passengers/DAN TERMINUS - Last Call For All Passengers - 01 Oubliette.flac
TagLib: Could not open file  /media/ST8000VN004/Music/Primary/DAN TERMINUS/Last Call For All Passengers/DAN TERMINUS - Last Call For All Passengers - 01 Oubliette.flac
TagLib: Could not open file  /media/ST8000VN004/Music/Primary/DAN TERMINUS/Last Call For All Passengers/DAN TERMINUS - Last Call For All Passengers - 01 Oubliette.flac
TagLib: Could not open file  /media/ST8000VN004/Music/Primary/DAN TERMINUS/Last Call For All Passengers/DAN TERMINUS - Last Call For All Passengers - 01 Oubliette.flac
